Jump Table : 
E 1 -1 -1 -1 8 -1 -1 -1 -1 -1 -1 -1
F 3 -1 -1 -1 3 -1 3 10 -1 -1 -1 -1
T 2 -1 -1 -1 2 -1 9 -1 -1 -1 -1 -1

Action Table : 
$ -1 acc r2 r4 -1 r6 -1 -1 -1 r1 r3 r5
( d4 -1 -1 -1 d4 -1 d4 d4 -1 -1 -1 -1
) -1 -1 r2 r4 -1 r6 -1 -1 d11 r1 r3 r5
* -1 -1 d7 r4 -1 r6 -1 -1 -1 d7 r3 r5
+ -1 d6 r2 r4 -1 r6 -1 -1 d6 r1 r3 r5
- -1 -1 -1 -1 -1 -1 -1 -1 -1 -1 -1 -1
a d5 -1 -1 -1 d5 -1 d5 d5 -1 -1 -1 -1

$ 0 
Action = d5
$ 0 a 5 
Action = r6
$ 0 F 3 
Action = r4
$ 0 T 2 
Action = r2
$ 0 E 1 
Action = d6
$ 0 E 1 + 6 
Action = d5
$ 0 E 1 + 6 a 5 
Action = r6
$ 0 E 1 + 6 F 3 
Action = r4
$ 0 E 1 + 6 T 9 
Action = d7
$ 0 E 1 + 6 T 9 * 7 
Action = d5
$ 0 E 1 + 6 T 9 * 7 a 5 
Action = r6
$ 0 E 1 + 6 T 9 * 7 F 10 
Action = r3
$ 0 E 1 + 6 T 9 
Action = r1
$ 0 E 1 
Action = d6
$ 0 E 1 + 6 
Action = d5
$ 0 E 1 + 6 a 5 
Action = r6
$ 0 E 1 + 6 F 3 
Action = r4
$ 0 E 1 + 6 T 9 
Action = d7
$ 0 E 1 + 6 T 9 * 7 
Action = d5
$ 0 E 1 + 6 T 9 * 7 a 5 
Action = r6
$ 0 E 1 + 6 T 9 * 7 F 10 
Action = r3
$ 0 E 1 + 6 T 9 
Action = r1
$ 0 E 1 
Action = d6
$ 0 E 1 + 6 
Action = d5
$ 0 E 1 + 6 a 5 
Action = r6
$ 0 E 1 + 6 F 3 
Action = r4
$ 0 E 1 + 6 T 9 
Action = r1
$ 0 E 1 
Action = acc

Sirul este corect

Cod Intermediar
t1 = a2 * a3 
t2 = a1 + t1 
t3 = a4 * a5 
t4 = t2 + t3 
t5 = t4 + a6 
